Determining if the pthread_create exist failed with the following output:
Change Dir: /home/ground/down_camera/corner_detect/build/CMakeFiles/CMakeTmp

Run Build Command:"/usr/bin/make" "cmTC_b5104/fast"
/usr/bin/make -f CMakeFiles/cmTC_b5104.dir/build.make CMakeFiles/cmTC_b5104.dir/build
make[1]: Entering directory '/home/ground/down_camera/corner_detect/build/CMakeFiles/CMakeTmp'
Building C object CMakeFiles/cmTC_b5104.dir/CheckSymbolExists.c.o
/usr/bin/cc    -fPIC    -o CMakeFiles/cmTC_b5104.dir/CheckSymbolExists.c.o   -c /home/ground/down_camera/corner_detect/build/CMakeFiles/CMakeTmp/CheckSymbolExists.c
Linking C executable cmTC_b5104
/usr/bin/cmake -E cmake_link_script CMakeFiles/cmTC_b5104.dir/link.txt --verbose=1
/usr/bin/cc  -fPIC     CMakeFiles/cmTC_b5104.dir/CheckSymbolExists.c.o  -o cmTC_b5104 -rdynamic 
CMakeFiles/cmTC_b5104.dir/CheckSymbolExists.c.o: In function `main':
CheckSymbolExists.c:(.text+0x1b): undefined reference to `pthread_create'
collect2: error: ld returned 1 exit status
CMakeFiles/cmTC_b5104.dir/build.make:97: recipe for target 'cmTC_b5104' failed
make[1]: *** [cmTC_b5104] Error 1
make[1]: Leaving directory '/home/ground/down_camera/corner_detect/build/CMakeFiles/CMakeTmp'
Makefile:126: recipe for target 'cmTC_b5104/fast' failed
make: *** [cmTC_b5104/fast] Error 2

File /home/ground/down_camera/corner_detect/build/CMakeFiles/CMakeTmp/CheckSymbolExists.c:
/* */
#include <pthread.h>

int main(int argc, char** argv)
{
  (void)argv;
#ifndef pthread_create
  return ((int*)(&pthread_create))[argc];
#else
  (void)argc;
  return 0;
#endif
}

Determining if the function pthread_create exists in the pthreads failed with the following output:
Change Dir: /home/ground/down_camera/corner_detect/build/CMakeFiles/CMakeTmp

Run Build Command:"/usr/bin/make" "cmTC_e1f44/fast"
/usr/bin/make -f CMakeFiles/cmTC_e1f44.dir/build.make CMakeFiles/cmTC_e1f44.dir/build
make[1]: Entering directory '/home/ground/down_camera/corner_detect/build/CMakeFiles/CMakeTmp'
Building C object CMakeFiles/cmTC_e1f44.dir/CheckFunctionExists.c.o
/usr/bin/cc    -fPIC -DCHECK_FUNCTION_EXISTS=pthread_create   -o CMakeFiles/cmTC_e1f44.dir/CheckFunctionExists.c.o   -c /usr/share/cmake-3.5/Modules/CheckFunctionExists.c
Linking C executable cmTC_e1f44
/usr/bin/cmake -E cmake_link_script CMakeFiles/cmTC_e1f44.dir/link.txt --verbose=1
/usr/bin/cc  -fPIC -DCHECK_FUNCTION_EXISTS=pthread_create    CMakeFiles/cmTC_e1f44.dir/CheckFunctionExists.c.o  -o cmTC_e1f44 -rdynamic -lpthreads 
/usr/bin/ld: cannot find -lpthreads
collect2: error: ld returned 1 exit status
CMakeFiles/cmTC_e1f44.dir/build.make:97: recipe for target 'cmTC_e1f44' failed
make[1]: *** [cmTC_e1f44] Error 1
make[1]: Leaving directory '/home/ground/down_camera/corner_detect/build/CMakeFiles/CMakeTmp'
Makefile:126: recipe for target 'cmTC_e1f44/fast' failed
make: *** [cmTC_e1f44/fast] Error 2


